Deaths/20000
22 0
Confirmed/150000
22 0
Deaths/20000
23 0
Confirmed/150000
23 0
Deaths/20000
24 0
Confirmed/150000
24 0
Deaths/20000
25 0
Confirmed/150000
25 0
Deaths/20000
26 0
Confirmed/150000
26 0
Deaths/20000
27 0
Confirmed/150000
27 0
Deaths/20000
28 0
Confirmed/150000
28 0
Deaths/20000
29 0
Confirmed/150000
29 0
Deaths/20000
30 0
Confirmed/150000
30 0
Deaths/20000
31 0
Confirmed/150000
31 -2
Deaths/20000
32 0
Confirmed/150000
32 -2
Deaths/20000
33 0
Confirmed/150000
33 -2
Deaths/20000
34 0
Confirmed/150000
34 -2
Deaths/20000
35 0
Confirmed/150000
35 -2
Deaths/20000
36 0
Confirmed/150000
36 -2
Deaths/20000
37 0
Confirmed/150000
37 -2
Deaths/20000
38 0
Confirmed/150000
38 -3
Deaths/20000
39 0
Confirmed/150000
39 -3
Deaths/20000
40 0
Confirmed/150000
40 -3
Deaths/20000
41 0.0693529
Confirmed/150000
41 -4.70352
Deaths/20000
42 0.149389
Confirmed/150000
42 -3.28525
Deaths/20000
43 0.243048
Confirmed/150000
43 -2.74018
Deaths/20000
44 0.35793
Confirmed/150000
44 -0.85581
Deaths/20000
45 0.500984
Confirmed/150000
45 1.48742
Deaths/20000
46 0.680001
Confirmed/150000
46 4.41442
Deaths/20000
47 0.904326
Confirmed/150000
47 8.07302
Deaths/20000
48 1.18543
Confirmed/150000
48 12.6426
Deaths/20000
49 1.53749
Confirmed/150000
49 18.3423
Deaths/20000
50 1.97802
Confirmed/150000
50 25.4394
Deaths/20000
51 2.52862
Confirmed/150000
51 34.2588
Deaths/20000
52 3.21586
Confirmed/150000
52 45.1946
Deaths/20000
53 4.07228
Confirmed/150000
53 58.7219
Deaths/20000
54 5.13761
Confirmed/150000
54 75.4116
Deaths/20000
55 6.46021
Confirmed/150000
55 91.946
Deaths/20000
56 8.09859
Confirmed/150000
56 117.136
Deaths/20000
57 10.1234
Confirmed/150000
57 147.943
Deaths/20000
58 12.6193
Confirmed/150000
58 183.496
Deaths/20000
59 15.6876
Confirmed/150000
59 224.118
Deaths/20000
60 19.4489
Confirmed/150000
60 276.35
Deaths/20000
61 24.0456
Confirmed/150000
61 329.974
Deaths/20000
62 29.6456
Confirmed/150000
62 406.044
Deaths/20000
63 36.4455
Confirmed/150000
63 490.907
Deaths/20000
64 44.6744
Confirmed/150000
64 571.235
Deaths/20000
65 53.5979
Confirmed/150000
65 677.048
Deaths/20000
66 64.5218
Confirmed/150000
66 789.739
Deaths/20000
67 78.7967
Confirmed/150000
67 936.097
Deaths/20000
68 94.8222
Confirmed/150000
68 1091.33
Deaths/20000
69 114.051
Confirmed/150000
69 1303.06
Deaths/20000
70 135.992
Confirmed/150000
70 1544.37
Deaths/20000
71 162.217
Confirmed/150000
71 1820.78
Deaths/20000
72 195.36
Confirmed/150000
72 2225.25
Deaths/20000
73 234.124
Confirmed/150000
73 2348.18
Deaths/20000
74 266.28
Confirmed/150000
74 2538.39
Deaths/20000
75 318.671
Confirmed/150000
75 3145.08
Deaths/20000
76 345.212
Confirmed/150000
76 3430.81
Deaths/20000
77 414.889
Confirmed/150000
77 3802.45
Deaths/20000
78 478.757
Confirmed/150000
78 4003.14
Deaths/20000
79 503.94
Confirmed/150000
79 4923.18
Deaths/20000
80 567.624
Confirmed/150000
80 4727.01
Deaths/20000
81 629.052
Confirmed/150000
81 4913.11
Deaths/20000
82 713.518
Confirmed/150000
82 5600.89
Deaths/20000
83 808.36
Confirmed/150000
83 6126.62
Deaths/20000
84 887.948
Confirmed/150000
84 6340.3
Deaths/20000
85 1030.67
Confirmed/150000
85 6684.6
Deaths/20000
86 1123.93
Confirmed/150000
86 6514.71
Deaths/20000
87 1171.13
Confirmed/150000
87 5758.23
Deaths/20000
88 1162.63
Confirmed/150000
88 5516.1
Deaths/20000
89 1229.79
Confirmed/150000
89 5567.49
Deaths/20000
90 1351.91
Confirmed/150000
90 5617.67
Deaths/20000
91 1300.2
Confirmed/150000
91 5465.97
Deaths/20000
92 1094.82
Confirmed/150000
92 4189.67
Deaths/20000
93 912.824
Confirmed/150000
93 3184.95
Deaths/20000
94 646.142
Confirmed/150000
94 2165.83
Deaths/20000
95 386.588
Confirmed/150000
95 2052.15
Deaths/20000
96 245.831
Confirmed/150000
96 -41.4648
Deaths/20000
97 319.387
Confirmed/150000
97 150.398
Deaths/20000
98 78.6113
Confirmed/150000
98 689.941
Deaths/20000
99 -281.316
Confirmed/150000
99 -453.812
Deaths/20000
100 -551.394
Confirmed/150000
100 -283.965
Deaths/20000
101 -887.805
Confirmed/150000
101 -4292.7
Deaths/20000
102 -1128.92
Confirmed/150000
102 -4704.19
Deaths/20000
103 -1158.29
Confirmed/150000
103 -5031.54
Deaths/20000
104 -1136.66
Confirmed/150000
104 -4284.68
Deaths/20000
105 -1145.96
Confirmed/150000
105 -4331.27
Deaths/20000
106 -1109.28
Confirmed/150000
106 -3624.54
Deaths/20000
107 -1144.89
Confirmed/150000
107 -2840.27
Deaths/20000
108 -1140.21
Confirmed/150000
108 -2959.57
Deaths/20000
109 -1151.81
Confirmed/150000
109 -2939.86
Deaths/20000
110 -848.392
Confirmed/150000
110 -3193.66
Deaths/20000
111 -376.775
Confirmed/150000
111 -2235.54
Deaths/20000
112 -264.885
Confirmed/150000
112 -877.984
Deaths/20000
113 -70.7246
Confirmed/150000
113 340.688
Deaths/20000
114 263.621
Confirmed/150000
114 1425.47
Deaths/20000
115 481.023
Confirmed/150000
115 1692.7
Deaths/20000
116 664.311
Confirmed/150000
116 2406.17
Deaths/20000
117 1256.29
Confirmed/150000
117 3531.2
Deaths/20000
118 1907.78
Confirmed/150000
118 4760.67
