Deaths/20000
22 0
Confirmed/150000
22 0
Deaths/20000
23 0
Confirmed/150000
23 0
Deaths/20000
24 0
Confirmed/150000
24 0
Deaths/20000
25 0
Confirmed/150000
25 0
Deaths/20000
26 0
Confirmed/150000
26 0
Deaths/20000
27 0
Confirmed/150000
27 0
Deaths/20000
28 0
Confirmed/150000
28 0
Deaths/20000
29 0
Confirmed/150000
29 0
Deaths/20000
30 0
Confirmed/150000
30 0
Deaths/20000
31 0
Confirmed/150000
31 -2
Deaths/20000
32 0
Confirmed/150000
32 -2
Deaths/20000
33 0
Confirmed/150000
33 -2
Deaths/20000
34 0
Confirmed/150000
34 -2
Deaths/20000
35 0
Confirmed/150000
35 -2
Deaths/20000
36 0
Confirmed/150000
36 -2
Deaths/20000
37 0
Confirmed/150000
37 -2
Deaths/20000
38 0
Confirmed/150000
38 -3
Deaths/20000
39 0
Confirmed/150000
39 -3
Deaths/20000
40 0
Confirmed/150000
40 -3
Deaths/20000
41 0.0693529
Confirmed/150000
41 -4.70351
Deaths/20000
42 0.149389
Confirmed/150000
42 -3.28524
Deaths/20000
43 0.243049
Confirmed/150000
43 -2.74018
Deaths/20000
44 0.35793
Confirmed/150000
44 -0.855802
Deaths/20000
45 0.500985
Confirmed/150000
45 1.48743
Deaths/20000
46 0.680002
Confirmed/150000
46 4.41444
Deaths/20000
47 0.904327
Confirmed/150000
47 8.07304
Deaths/20000
48 1.18543
Confirmed/150000
48 12.6427
Deaths/20000
49 1.53749
Confirmed/150000
49 18.3424
Deaths/20000
50 1.97803
Confirmed/150000
50 25.4394
Deaths/20000
51 2.52863
Confirmed/150000
51 34.2589
Deaths/20000
52 3.21587
Confirmed/150000
52 45.1947
Deaths/20000
53 4.07228
Confirmed/150000
53 58.722
Deaths/20000
54 5.13762
Confirmed/150000
54 75.4118
Deaths/20000
55 6.46022
Confirmed/150000
55 91.9461
Deaths/20000
56 8.09861
Confirmed/150000
56 117.137
Deaths/20000
57 10.1234
Confirmed/150000
57 147.943
Deaths/20000
58 12.6193
Confirmed/150000
58 183.496
Deaths/20000
59 15.6877
Confirmed/150000
59 224.118
Deaths/20000
60 19.4489
Confirmed/150000
60 276.35
Deaths/20000
61 24.0456
Confirmed/150000
61 329.975
Deaths/20000
62 29.6456
Confirmed/150000
62 406.045
Deaths/20000
63 36.4456
Confirmed/150000
63 490.908
Deaths/20000
64 44.6745
Confirmed/150000
64 571.236
Deaths/20000
65 53.598
Confirmed/150000
65 677.05
Deaths/20000
66 64.5219
Confirmed/150000
66 789.741
Deaths/20000
67 78.7969
Confirmed/150000
67 936.099
Deaths/20000
68 94.8224
Confirmed/150000
68 1091.33
Deaths/20000
69 114.051
Confirmed/150000
69 1303.06
Deaths/20000
70 135.993
Confirmed/150000
70 1544.37
Deaths/20000
71 162.217
Confirmed/150000
71 1820.78
Deaths/20000
72 195.361
Confirmed/150000
72 2225.25
Deaths/20000
73 234.125
Confirmed/150000
73 2348.19
Deaths/20000
74 266.281
Confirmed/150000
74 2538.39
Deaths/20000
75 318.672
Confirmed/150000
75 3145.08
Deaths/20000
76 345.213
Confirmed/150000
76 3430.81
Deaths/20000
77 414.89
Confirmed/150000
77 3802.46
Deaths/20000
78 478.758
Confirmed/150000
78 4003.14
Deaths/20000
79 503.941
Confirmed/150000
79 4923.18
Deaths/20000
80 567.625
Confirmed/150000
80 4727.02
Deaths/20000
81 629.053
Confirmed/150000
81 4913.12
Deaths/20000
82 713.52
Confirmed/150000
82 5600.9
Deaths/20000
83 808.362
Confirmed/150000
83 6126.62
Deaths/20000
84 887.949
Confirmed/150000
84 6340.31
Deaths/20000
85 1030.67
Confirmed/150000
85 6684.61
Deaths/20000
86 1123.93
Confirmed/150000
86 6514.71
Deaths/20000
87 1171.13
Confirmed/150000
87 5758.23
Deaths/20000
88 1162.63
Confirmed/150000
88 5516.1
Deaths/20000
89 1229.8
Confirmed/150000
89 5567.49
Deaths/20000
90 1351.91
Confirmed/150000
90 5617.67
Deaths/20000
91 1300.2
Confirmed/150000
91 5465.96
Deaths/20000
92 1094.83
Confirmed/150000
92 4189.66
Deaths/20000
93 912.826
Confirmed/150000
93 3184.93
Deaths/20000
94 646.144
Confirmed/150000
94 2165.8
Deaths/20000
95 386.589
Confirmed/150000
95 2052.11
Deaths/20000
96 245.831
Confirmed/150000
96 -41.5078
Deaths/20000
97 319.387
Confirmed/150000
97 150.344
Deaths/20000
98 78.6108
Confirmed/150000
98 689.871
Deaths/20000
99 -281.318
Confirmed/150000
99 -453.895
Deaths/20000
100 -551.397
Confirmed/150000
100 -284.059
Deaths/20000
101 -887.809
Confirmed/150000
101 -4292.8
Deaths/20000
102 -1128.92
Confirmed/150000
102 -4704.31
Deaths/20000
103 -1158.3
Confirmed/150000
103 -5031.69
Deaths/20000
104 -1136.67
Confirmed/150000
104 -4284.85
Deaths/20000
105 -1145.97
Confirmed/150000
105 -4331.46
Deaths/20000
106 -1109.29
Confirmed/150000
106 -3624.76
Deaths/20000
107 -1144.9
Confirmed/150000
107 -2840.51
Deaths/20000
108 -1140.23
Confirmed/150000
108 -2959.84
Deaths/20000
109 -1151.83
Confirmed/150000
109 -2940.16
Deaths/20000
110 -848.417
Confirmed/150000
110 -3193.99
Deaths/20000
111 -376.806
Confirmed/150000
111 -2235.91
Deaths/20000
112 -264.918
Confirmed/150000
112 -878.391
Deaths/20000
113 -70.7637
Confirmed/150000
113 340.25
Deaths/20000
114 263.578
Confirmed/150000
114 1425
Deaths/20000
115 480.975
Confirmed/150000
115 1692.19
Deaths/20000
116 664.258
Confirmed/150000
116 2405.62
Deaths/20000
117 1256.23
Confirmed/150000
117 3530.61
Deaths/20000
118 1907.71
Confirmed/150000
118 4760.03
